# JRE version: OpenJDK Runtime Environment (8.0_275-b01) (build 1.8.0_275-8u275-b01-0ubuntu1~20.04-b01)
# Java VM: OpenJDK 64-Bit Server VM (25.275-b01 mixed mode linux-amd64 compressed oops)
Heap:
 PSYoungGen      total 84992K, used 5857K [0x00000000eab00000, 0x00000000f0980000, 0x0000000100000000)
  eden space 73216K, 8% used [0x00000000eab00000,0x00000000eb0b8660,0x00000000ef280000)
  from space 11776K, 0% used [0x00000000ef280000,0x00000000ef280000,0x00000000efe00000)
  to   space 11776K, 0% used [0x00000000efe00000,0x00000000efe00000,0x00000000f0980000)
 ParOldGen       total 194048K, used 590K [0x00000000c0000000, 0x00000000cbd80000, 0x00000000eab00000)
  object space 194048K, 0% used [0x00000000c0000000,0x00000000c0093910,0x00000000cbd80000)
 Metaspace       used 3636K, capacity 4656K, committed 4864K, reserved 1056768K
  class space    used 396K, capacity 424K, committed 512K, reserved 1048576K
GC Heap History (4 events):
Event: 0.070 GC heap before
{Heap before GC invocations=1 (full 0):
 PSYoungGen      total 84992K, used 4393K [0x00000000eab00000, 0x00000000f0980000, 0x0000000100000000)
  eden space 73216K, 6% used [0x00000000eab00000,0x00000000eaf4a428,0x00000000ef280000)
  from space 11776K, 0% used [0x00000000efe00000,0x00000000efe00000,0x00000000f0980000)
  to   space 11776K, 0% used [0x00000000ef280000,0x00000000ef280000,0x00000000efe00000)
 ParOldGen       total 194048K, used 0K [0x00000000c0000000, 0x00000000cbd80000, 0x00000000eab00000)
  object space 194048K, 0% used [0x00000000c0000000,0x00000000c0000000,0x00000000cbd80000)
 Metaspace       used 3520K, capacity 4656K, committed 4864K, reserved 1056768K
  class space    used 383K, capacity 424K, committed 512K, reserved 1048576K
Event: 0.071 GC heap after
Heap after GC invocations=1 (full 0):
 PSYoungGen      total 84992K, used 672K [0x00000000eab00000, 0x00000000f0980000, 0x0000000100000000)
  eden space 73216K, 0% used [0x00000000eab00000,0x00000000eab00000,0x00000000ef280000)
  from space 11776K, 5% used [0x00000000ef280000,0x00000000ef328020,0x00000000efe00000)
  to   space 11776K, 0% used [0x00000000efe00000,0x00000000efe00000,0x00000000f0980000)
 ParOldGen       total 194048K, used 8K [0x00000000c0000000, 0x00000000cbd80000, 0x00000000eab00000)
  object space 194048K, 0% used [0x00000000c0000000,0x00000000c0002000,0x00000000cbd80000)
 Metaspace       used 3520K, capacity 4656K, committed 4864K, reserved 1056768K
  class space    used 383K, capacity 424K, committed 512K, reserved 1048576K
}
Event: 0.071 GC heap before
{Heap before GC invocations=2 (full 1):
 PSYoungGen      total 84992K, used 672K [0x00000000eab00000, 0x00000000f0980000, 0x0000000100000000)
  eden space 73216K, 0% used [0x00000000eab00000,0x00000000eab00000,0x00000000ef280000)
  from space 11776K, 5% used [0x00000000ef280000,0x00000000ef328020,0x00000000efe00000)
  to   space 11776K, 0% used [0x00000000efe00000,0x00000000efe00000,0x00000000f0980000)
 ParOldGen       total 194048K, used 8K [0x00000000c0000000, 0x00000000cbd80000, 0x00000000eab00000)
  object space 194048K, 0% used [0x00000000c0000000,0x00000000c0002000,0x00000000cbd80000)
 Metaspace       used 3520K, capacity 4656K, committed 4864K, reserved 1056768K
  class space    used 383K, capacity 424K, committed 512K, reserved 1048576K
Event: 0.076 GC heap after
Heap after GC invocations=2 (full 1):
 PSYoungGen      total 84992K, used 0K [0x00000000eab00000, 0x00000000f0980000, 0x0000000100000000)
  eden space 73216K, 0% used [0x00000000eab00000,0x00000000eab00000,0x00000000ef280000)
  from space 11776K, 0% used [0x00000000ef280000,0x00000000ef280000,0x00000000efe00000)
  to   space 11776K, 0% used [0x00000000efe00000,0x00000000efe00000,0x00000000f0980000)
 ParOldGen       total 194048K, used 590K [0x00000000c0000000, 0x00000000cbd80000, 0x00000000eab00000)
  object space 194048K, 0% used [0x00000000c0000000,0x00000000c0093910,0x00000000cbd80000)
 Metaspace       used 3520K, capacity 4656K, committed 4864K, reserved 1056768K
  class space    used 383K, capacity 424K, committed 512K, reserved 1048576K
}

